<?xml version="1.0" encoding="UTF-8"?>
<testsuite xmlns:xsi="http://www.w3.org/2001/XMLSchema-instance" xsi:noNamespaceSchemaLocation="https://maven.apache.org/surefire/maven-surefire-plugin/xsd/surefire-test-report-3.0.xsd" version="3.0" name="com.werkflow.common.security.SecretsResolverTest" time="0.017" tests="11" errors="0" skipped="0" failures="0">
  <properties>
[...]
</properties>
  <testcase name="isKeyAllowed_returnsTrueWhenAllowedListEmpty" classname="com.werkflow.common.security.SecretsResolverTest" time="0.007"/>
  <testcase name="resolve_errorMessageDoesNotLeakAllowlistContents" classname="com.werkflow.common.security.SecretsResolverTest" time="0.0"/>
  <testcase name="resolve_throwsSecurityExceptionForDeniedKey" classname="com.werkflow.common.security.SecretsResolverTest" time="0.001"/>
  <testcase name="resolve_returnsValueForAllowedKey" classname="com.werkflow.common.security.SecretsResolverTest" time="0.004"/>
  <testcase name="resolve_allowsAllKeysWhenAllowlistEmpty" classname="com.werkflow.common.security.SecretsResolverTest" time="0.001"/>
  <testcase name="resolve_returnsNullForNullInput" classname="com.werkflow.common.security.SecretsResolverTest" time="0.0"/>
  <testcase name="isKeyAllowed_returnsFalseForNullInput" classname="com.werkflow.common.security.SecretsResolverTest" time="0.001"/>
  <testcase name="isKeyAllowed_returnsFalseForKeyNotInAllowedList" classname="com.werkflow.common.security.SecretsResolverTest" time="0.0"/>
  <testcase name="isKeyAllowed_returnsFalseForBlankInput" classname="com.werkflow.common.security.SecretsResolverTest" time="0.0"/>
  <testcase name="isKeyAllowed_returnsTrueWhenKeyInAllowedList" classname="com.werkflow.common.security.SecretsResolverTest" time="0.0"/>
  <testcase name="resolve_throwsIllegalArgumentWhenSecretMissing" classname="com.werkflow.common.security.SecretsResolverTest" time="0.001"/>
</testsuite>